
> doha-erp@0.1.0 dev
> next dev

⚠ Port 3000 is in use by an unknown process, using available port 3001 instead.
▲ Next.js 16.2.1 (Turbopack)
- Local:         http://localhost:3001
- Network:       http://192.168.0.2:3001
- Environments: .env.local
✓ Ready in 603ms

○ Compiling /admin/login ...
 GET /admin/login 200 in 4.5s (next.js: 4.1s, application-code: 418ms)
 GET /admin 200 in 977ms (next.js: 917ms, application-code: 60ms)
 GET /admin/productos 200 in 3.2s (next.js: 2.8s, application-code: 354ms)
 GET /admin/login 200 in 64ms (next.js: 9ms, application-code: 55ms)
 GET /admin/login 200 in 77ms (next.js: 5ms, application-code: 72ms)
 GET /admin 200 in 35ms (next.js: 4ms, application-code: 31ms)
 GET /admin/productos 200 in 115ms (next.js: 3ms, application-code: 111ms)
 GET /admin/login 200 in 32ms (next.js: 4ms, application-code: 28ms)
 GET /admin/login 200 in 81ms (next.js: 5ms, application-code: 75ms)
 GET /admin 200 in 28ms (next.js: 4ms, application-code: 24ms)
 GET /admin/productos 200 in 56ms (next.js: 3ms, application-code: 52ms)
 GET /admin/login 200 in 27ms (next.js: 4ms, application-code: 23ms)
 GET /admin/login 200 in 75ms (next.js: 3ms, application-code: 71ms)
 GET /admin 200 in 30ms (next.js: 4ms, application-code: 26ms)
 GET /admin/productos 200 in 76ms (next.js: 4ms, application-code: 72ms)
 GET /admin/login 200 in 32ms (next.js: 5ms, application-code: 27ms)
 GET /admin/login 200 in 66ms (next.js: 3ms, application-code: 63ms)
 GET /admin/productos 200 in 52ms (next.js: 3ms, application-code: 50ms)
 GET /admin/login 200 in 43ms (next.js: 3ms, application-code: 40ms)
 GET /admin/login 200 in 77ms (next.js: 4ms, application-code: 72ms)
 GET /admin/productos 200 in 60ms (next.js: 3ms, application-code: 58ms)
 GET /admin/login 200 in 28ms (next.js: 3ms, application-code: 25ms)
 GET /admin/login 200 in 58ms (next.js: 3ms, application-code: 55ms)
 GET /admin 200 in 75ms (next.js: 3ms, application-code: 72ms)
 GET /admin/productos 200 in 54ms (next.js: 3ms, application-code: 51ms)
 GET /admin/login 200 in 32ms (next.js: 3ms, application-code: 29ms)
 GET /admin/login 200 in 73ms (next.js: 4ms, application-code: 69ms)
 GET /admin 200 in 74ms (next.js: 3ms, application-code: 70ms)
 GET /admin/productos 200 in 52ms (next.js: 3ms, application-code: 50ms)
 GET /admin/login 200 in 29ms (next.js: 3ms, application-code: 26ms)
 GET /admin/productos 200 in 68ms (next.js: 5ms, application-code: 63ms)
 GET /admin/login 200 in 41ms (next.js: 5ms, application-code: 36ms)
 GET /admin/login 200 in 76ms (next.js: 5ms, application-code: 71ms)
 GET /admin 200 in 33ms (next.js: 3ms, application-code: 30ms)
 GET /admin/productos 200 in 60ms (next.js: 3ms, application-code: 57ms)
 GET /admin/login 200 in 28ms (next.js: 3ms, application-code: 25ms)
 GET /admin/login 200 in 73ms (next.js: 3ms, application-code: 69ms)
 GET /admin 200 in 36ms (next.js: 3ms, application-code: 32ms)
