
> doha-erp@0.1.0 dev
> next dev

▲ Next.js 16.2.1 (Turbopack)
- Local:         http://localhost:3000
- Network:       http://192.168.0.2:3000
✓ Ready in 538ms

○ Compiling /admin/productos ...
 GET /admin/productos 200 in 7.4s (next.js: 6.7s, application-code: 680ms)
[browser] A tree hydrated but some attributes of the server rendered HTML didn't match the client properties. This won't be patched up. This can happen if a SSR-ed Client Component used:

- A server/client branch `if (typeof window !== 'undefined')`.
- Variable input such as `Date.now()` or `Math.random()` which changes each time it's called.
- Date formatting in a user's locale which doesn't match the server.
- External changing data without sending a snapshot of it along with the HTML.
- Invalid HTML tag nesting.

It can also happen if the client has a browser extension installed which messes with the HTML before React loaded.

https://react.dev/link/hydration-mismatch

  ...
    <ErrorBoundary errorComponent={undefined} errorStyles={undefined} errorScripts={undefined}>
      <LoadingBoundary name="productos/" loading={null}>
        <HTTPAccessFallbackBoundary notFound={undefined} forbidden={undefined} unauthorized={undefined}>
          <RedirectBoundary>
            <RedirectErrorBoundary router={{...}}>
              <InnerLayoutRouter url="/admin/pro..." tree={[...]} params={{}} cacheNode={{rsc:{...}, ...}} ...>
                <SegmentViewNode type="page" pagePath="src/admin/...">
                  <SegmentTrieNode>
                  <ClientPageRoot Component={function CatalogoProductosPage} serverProvidedParams={{...}}>
                    <CatalogoProductosPage params={Promise} searchParams={Promise}>
                      <div className="min-h-scre...">
                        <div className="max-w-6xl ...">
                          <div>
                          <div className="bg-white p...">
                            <div className="relative w...">
                              <Search>
                              <input
                                type="text"
                                placeholder="Buscar por código o nombre..."
                                value=""
                                onChange={function onChange}
                                className="w-full bg-gray-50 border border-gray-200 focus:border-[#D3AB80] focus:bg-wh..."
-                               style={{caret-color:"transparent"}}
                              >
                          ...
                ...
              ...
